********************************************************************************
DUPLICATOR-LITE PACKAGE-LOG: October 15, 2020 3:19 pm
NOTICE: Do NOT post to public sites or forums 
********************************************************************************
VERSION:	1.3.38
WORDPRESS:	5.5.1
PHP INFO:	7.4.10 | SAPI: apache2handler
SERVER:		Apache/2.4.46 (Win64) OpenSSL/1.1.1g PHP/7.4.10 
PHP TIME LIMIT: (0) no time limit imposed 
PHP MAX MEMORY: 4294967296 (512M default) 
MEMORY STACK: 2MB

********************************************************************************
DATABASE:
********************************************************************************
BUILD MODE:   MYSQLDUMP
MYSQLTIMEOUT: 5000
MYSQLDUMP:    Is Supported
SQL CREATED: 20201015_gusnandstechnology_c6466fd91c816c917138_20201015151950_database.sql
SQL FILE SIZE: 751.82KB (769865)
SQL FILE TIME: 2020-10-15 15:20:02
SQL RUNTIME: 4.58 sec.

********************************************************************************
ARCHIVE (ZIP):
********************************************************************************
ARCHIVE DIR:  E:/XAMPP/htdocs/jongkoding
ARCHIVE FILE: 20201015_gusnandstechnology_c6466fd91c816c917138_20201015151950_archive.zip
FILTERS: *OFF*
DIRS:
	not set
FILES:
	not set
EXTS:  not set
----------------------------------------
COMPRESSING
SIZE:	99.88MB
STATS:	Dirs 306 | Files 2,569
SQL ADDED: 20201015_gusnandstechnology_c6466fd91c816c917138_20201015151950_database.sql
ZipArchive Object
(
    [status] => 0
    [statusSys] => 0
    [numFiles] => 2875
    [filename] => E:\XAMPP\htdocs\jongkoding\wp-content\backups-dup-lite\tmp\20201015_gusnandstechnology_c6466fd91c816c917138_20201015151950_archive.zip
    [comment] => 
)

FILE ADDED TO ZIP: 2874
COMPRESSION RESULT: '1'
COMPRESSED SIZE: 61.71MB
ARCHIVE RUNTIME: 13.04 sec.
MEMORY STACK: 4MB
building installer
add_extra_files1
add_extra_files2
add_extra_files3
add_extra_files4
Doing archive file check
add_extra_files5
add_extra_files6
add_extra_files8
Successfully opened zip E:/XAMPP/htdocs/jongkoding/wp-content/backups-dup-lite/tmp/20201015_gusnandstechnology_c6466fd91c816c917138_20201015151950_archive.zip
Adding enhanced installer files to archive using ZipArchive
Installer files added to archive
Added to archive
After ziparchive close when adding installer

********************************************************************************
INTEGRITY CHECKS:
********************************************************************************
SQL FILE: 751.82KB
INSTALLER FILE: 61.32KB
ARCHIVE FILE: 63.19MB 
EXPECTED FILE/DIRECTORY COUNT: 2,875
ACTUAL FILE/DIRECTORY COUNT: 2,874
ARCHIVE CONSISTENCY TEST: Pass

********************************************************************************
RECORD ID:[1]
TOTAL PROCESS RUNTIME: 19.78 sec.
PEAK PHP MEMORY USED: 4MB
DONE PROCESSING => 20201015_gusnandstechnology October 15, 2020 3:20 pm

